gyp info it worked if it ends with ok
gyp info using node-gyp@9.0.0
gyp info using node@18.1.0 | darwin | arm64
gyp info find Python using Python version 3.9.12 found at "/opt/homebrew/opt/python@3.9/bin/python3.9"
gyp info spawn /opt/homebrew/opt/python@3.9/bin/python3.9
gyp info spawn args [
gyp info spawn args   '/opt/homebrew/Cellar/node/18.1.0/libexec/lib/node_modules/npm/node_modules/node-gyp/gyp/gyp_main.py',
gyp info spawn args   'binding.gyp',
gyp info spawn args   '-f',
gyp info spawn args   'make',
gyp info spawn args   '-I',
gyp info spawn args   '/Users/harryrpo1/Desktop/theGraph/dex-aggregator-avax/node_modules/ursa-optional/build/config.gypi',
gyp info spawn args   '-I',
gyp info spawn args   '/opt/homebrew/Cellar/node/18.1.0/libexec/lib/node_modules/npm/node_modules/node-gyp/addon.gypi',
gyp info spawn args   '-I',
gyp info spawn args   '/Users/harryrpo1/Library/Caches/node-gyp/18.1.0/include/node/common.gypi',
gyp info spawn args   '-Dlibrary=shared_library',
gyp info spawn args   '-Dvisibility=default',
gyp info spawn args   '-Dnode_root_dir=/Users/harryrpo1/Library/Caches/node-gyp/18.1.0',
gyp info spawn args   '-Dnode_gyp_dir=/opt/homebrew/Cellar/node/18.1.0/libexec/lib/node_modules/npm/node_modules/node-gyp',
gyp info spawn args   '-Dnode_lib_file=/Users/harryrpo1/Library/Caches/node-gyp/18.1.0/<(target_arch)/node.lib',
gyp info spawn args   '-Dmodule_root_dir=/Users/harryrpo1/Desktop/theGraph/dex-aggregator-avax/node_modules/ursa-optional',
gyp info spawn args   '-Dnode_engine=v8',
gyp info spawn args   '--depth=.',
gyp info spawn args   '--no-parallel',
gyp info spawn args   '--generator-output',
gyp info spawn args   'build',
gyp info spawn args   '-Goutput_dir=.'
gyp info spawn args ]
gyp info spawn make
gyp info spawn args [ 'BUILDTYPE=Release', '-C', 'build' ]
In file included from ../src/ursaNative.cc:3:
In file included from ../src/ursaNative.h:13:
In file included from /Users/harryrpo1/Library/Caches/node-gyp/18.1.0/include/node/openssl/rsa.h:14:
In file included from /Users/harryrpo1/Library/Caches/node-gyp/18.1.0/include/node/openssl/macros.h:14:
In file included from /Users/harryrpo1/Library/Caches/node-gyp/18.1.0/include/node/openssl/opensslconf.h:9:
/Users/harryrpo1/Library/Caches/node-gyp/18.1.0/include/node/openssl/./opensslconf_asm.h:107:11: fatal error: './archs/darwin64-arm64-cc/asm/include/openssl/opensslconf.h' file not found
# include "./archs/darwin64-arm64-cc/asm/include/openssl/opensslconf.h"
          ^~~~~~~~~~~~~~~~~~~~~~~~~~~~~~~~~~~~~~~~~~~~~~~~~~~~~~~~~~~~~
1 error generated.
make: *** [Release/obj.target/ursaNative/src/ursaNative.o] Error 1
gyp ERR! build error 
gyp ERR! stack Error: `make` failed with exit code: 2
gyp ERR! stack     at ChildProcess.onExit (/opt/homebrew/Cellar/node/18.1.0/libexec/lib/node_modules/npm/node_modules/node-gyp/lib/build.js:194:23)
gyp ERR! stack     at ChildProcess.emit (node:events:527:28)
gyp ERR! stack     at ChildProcess._handle.onexit (node:internal/child_process:291:12)
gyp ERR! System Darwin 21.4.0
gyp ERR! command "/opt/homebrew/Cellar/node/18.1.0/bin/node" "/opt/homebrew/Cellar/node/18.1.0/libexec/lib/node_modules/npm/node_modules/node-gyp/bin/node-gyp.js" "rebuild"
gyp ERR! cwd /Users/harryrpo1/Desktop/theGraph/dex-aggregator-avax/node_modules/ursa-optional
gyp ERR! node -v v18.1.0
gyp ERR! node-gyp -v v9.0.0
gyp ERR! not ok 
error Command failed with exit code 1.
